<?xml version="1.0" encoding="UTF-8"?>
<!-- Generated by org.testng.reporters.JUnitReportReporter -->
<testsuite hostname="OCSs-Mac-mini.local" failures="0" tests="1" name="mavenid.maven.Allsitesflowtesting" time="334.430" errors="0" timestamp="2023-06-16T14:05:29 IST" skipped="0">
  <testcase classname="mavenid.maven.Allsitesflowtesting" name="test" time="334.430"/>
  <system-out/>
</testsuite> <!-- mavenid.maven.Allsitesflowtesting -->
