<?xml version="1.0" encoding="UTF-8"?>
<!-- Generated by org.testng.reporters.JUnitReportReporter -->
<testsuite hostname="OCSs-Mac-mini.local" failures="0" tests="1" name="mavenid.maven.EntireScreenshot" time="16.658" errors="0" timestamp="2023-05-20T11:42:33 IST" skipped="0">
  <testcase classname="mavenid.maven.EntireScreenshot" name="Pagescreenshots" time="16.658"/>
  <system-out/>
</testsuite> <!-- mavenid.maven.EntireScreenshot -->
