<?xml version="1.0" encoding="UTF-8"?>
<!-- Generated by org.testng.reporters.JUnitReportReporter -->
<testsuite hostname="OCSs-Mac-mini.local" failures="0" tests="1" name="mavenid.maven.Flowtesting" time="454.301" errors="0" timestamp="2023-05-15T14:30:19 IST" skipped="0">
  <testcase classname="mavenid.maven.Flowtesting" name="test" time="454.301"/>
  <system-out/>
</testsuite> <!-- mavenid.maven.Flowtesting -->
