<?xml version="1.0" encoding="UTF-8"?>
<!-- Generated by org.testng.reporters.JUnitReportReporter -->
<testsuite hostname="OCSs-Mac-mini.local" failures="0" tests="1" name="mavenid.maven.Tester" time="302.918" errors="0" timestamp="2023-05-09T11:50:42 IST" skipped="0">
  <testcase classname="mavenid.maven.Tester" name="test" time="302.918"/>
  <system-out/>
</testsuite> <!-- mavenid.maven.Tester -->
