<?xml version="1.0" encoding="UTF-8"?>
<!-- Generated by org.testng.reporters.JUnitReportReporter -->
<testsuite hostname="OCSs-Mac-mini.local" failures="0" tests="1" name="mavenid.maven.Flowsite" time="10.046" errors="0" timestamp="2023-04-07T15:37:18 IST" skipped="0">
  <testcase classname="mavenid.maven.Flowsite" name="test" time="10.046"/>
  <system-out/>
</testsuite> <!-- mavenid.maven.Flowsite -->
